<?xml version="1.0" encoding="UTF-8"?>
<!-- Generated by org.testng.reporters.JUnitReportReporter -->
<testsuite hostname="TCS1INML2R1CQT3" failures="0" tests="1" name="jlr.Gui" time="59.667" errors="0" timestamp="2024-10-01T16:18:26 IST" skipped="0">
  <testcase classname="jlr.Gui" name="testGui" time="59.667"/>
</testsuite> <!-- jlr.Gui -->
